▲ Next.js 16.2.9 (Turbopack)
- Local:         http://localhost:3000
- Network:       http://54.232.189.113:3000
- Environments: .env
✓ Ready in 78s
⚠ Warning: Next.js inferred your workspace root, but it may not be correct.
 We detected multiple lockfiles and selected the directory of C:\Users\User\OneDrive - AUDAZ GLOBAL\Documentos\Antigravity\package-lock.json as the root directory.
 To silence this warning, set `turbopack.root` in your Next.js config, or consider removing one of the lockfiles if it's not needed.
   See https://nextjs.org/docs/app/api-reference/config/next-config-js/turbopack#root-directory for more information.
 Detected additional lockfiles: 
   * C:\Users\User\OneDrive - AUDAZ GLOBAL\Documentos\Antigravity\OEA\homologacao-oea\package-lock.json
   * C:\Users\User\OneDrive - AUDAZ GLOBAL\Documentos\Antigravity\OEA\package-lock.json

Attention: Next.js now collects completely anonymous telemetry regarding usage.
This information is used to shape Next.js' roadmap and prioritize features.
You can learn more, including how to opt-out if you'd not like to participate in this anonymous program, by visiting the following URL:
https://nextjs.org/telemetry

⨯ Another next dev server is already running.

- Local:        http://localhost:3001
- PID:          26028
- Dir:          C:\Users\User\OneDrive - AUDAZ GLOBAL\Documentos\Antigravity\OEA\homologacao-oea
- Log:          .next\dev\logs\next-development.log

Run taskkill /PID 26028 /F to stop it.
[?25h
